2025-09-28 16:05:49 | INFO     | __main__:load_configuration:81 - Loading configuration from .env file...
2025-09-28 16:05:49 | SUCCESS  | __main__:load_configuration:94 - Configuration loaded successfully.
2025-09-28 16:05:49 | INFO     | __main__:create_jira_client:112 - Attempting to connect to Jira at https://stateofdelaware.atlassian.net...
2025-09-28 16:05:50 | SUCCESS  | __main__:create_jira_client:121 - Jira connection successful.
2025-09-28 16:05:50 | INFO     | __main__:get_issue_description:143 - Attempting to fetch issue 'ICISTWO-34337'...
2025-09-28 16:05:50 | SUCCESS  | __main__:get_issue_description:148 - Successfully retrieved description for 'ICISTWO-34337'.
2025-09-28 16:53:21 | INFO     | get_issue_description:load_configuration:81 - Loading configuration from .env file...
2025-09-28 16:53:21 | SUCCESS  | get_issue_description:load_configuration:94 - Configuration loaded successfully.
2025-09-28 16:53:21 | INFO     | get_issue_description:create_jira_client:112 - Attempting to connect to Jira at https://stateofdelaware.atlassian.net...
2025-09-28 16:53:23 | SUCCESS  | get_issue_description:create_jira_client:122 - Jira connection successful.
2025-09-28 16:53:23 | INFO     | get_issue_description:get_issue_description:144 - Attempting to fetch issue 'ICISTWO-34337'...
2025-09-28 16:53:23 | SUCCESS  | get_issue_description:get_issue_description:149 - Successfully retrieved description for 'ICISTWO-34337'.
2025-09-28 16:53:25 | INFO     | list_support_requests:load_configuration:79 - Loading configuration from .env file...
2025-09-28 16:53:25 | SUCCESS  | list_support_requests:load_configuration:95 - Configuration loaded successfully.
2025-09-28 16:53:25 | INFO     | list_support_requests:search_and_print_issues:114 - Searching for issues with JQL: 'issuetype = "Support Request" ORDER BY created DESC' using direct 'requests' call.
2025-09-28 16:55:13 | INFO     | get_issue_description:load_configuration:81 - Loading configuration from .env file...
2025-09-28 16:55:13 | SUCCESS  | get_issue_description:load_configuration:94 - Configuration loaded successfully.
2025-09-28 16:55:13 | INFO     | get_issue_description:create_jira_client:112 - Attempting to connect to Jira at https://stateofdelaware.atlassian.net...
2025-09-28 16:55:14 | SUCCESS  | get_issue_description:create_jira_client:122 - Jira connection successful.
2025-09-28 16:55:14 | INFO     | get_issue_description:get_issue_description:144 - Attempting to fetch issue 'ICISTWO-34337'...
2025-09-28 16:55:14 | SUCCESS  | get_issue_description:get_issue_description:149 - Successfully retrieved description for 'ICISTWO-34337'.
2025-09-28 16:55:17 | INFO     | list_support_requests:load_configuration:79 - Loading configuration from .env file...
2025-09-28 16:55:17 | SUCCESS  | list_support_requests:load_configuration:95 - Configuration loaded successfully.
2025-09-28 16:55:17 | INFO     | list_support_requests:search_and_print_issues:114 - Searching for issues with JQL: 'issuetype = "Support Request" ORDER BY created DESC' using direct 'requests' call.
2025-09-28 17:01:13 | INFO     | get_issue_description:load_configuration:81 - Loading configuration from .env file...
2025-09-28 17:01:13 | SUCCESS  | get_issue_description:load_configuration:94 - Configuration loaded successfully.
2025-09-28 17:01:13 | INFO     | get_issue_description:create_jira_client:112 - Attempting to connect to Jira at https://stateofdelaware.atlassian.net...
2025-09-28 17:01:14 | SUCCESS  | get_issue_description:create_jira_client:122 - Jira connection successful.
2025-09-28 17:01:14 | INFO     | get_issue_description:get_issue_description:144 - Attempting to fetch issue 'ICISTWO-34337'...
2025-09-28 17:01:15 | SUCCESS  | get_issue_description:get_issue_description:149 - Successfully retrieved description for 'ICISTWO-34337'.
2025-09-28 17:01:18 | INFO     | list_support_requests:load_configuration:79 - Loading configuration from .env file...
2025-09-28 17:01:18 | SUCCESS  | list_support_requests:load_configuration:95 - Configuration loaded successfully.
2025-09-28 17:01:18 | INFO     | list_support_requests:search_and_print_issues:114 - Searching for issues with JQL: 'issuetype = "Support Request" ORDER BY created DESC' using direct 'requests' call.
2025-09-28 17:01:18 | ERROR    | list_support_requests:search_and_print_issues:166 - HTTP error during search: 410 Gone. Response: {"errorMessages":["The requested API has been removed. Please migrate to the /rest/api/3/search/jql API. A full migration guideline is available at https://developer.atlassian.com/changelog/#CHANGE-2046"],"errors":{}}
2025-09-28 17:05:39 | INFO     | get_issue_description:load_configuration:81 - Loading configuration from .env file...
2025-09-28 17:05:39 | SUCCESS  | get_issue_description:load_configuration:94 - Configuration loaded successfully.
2025-09-28 17:05:39 | INFO     | get_issue_description:create_jira_client:112 - Attempting to connect to Jira at https://stateofdelaware.atlassian.net...
2025-09-28 17:05:40 | SUCCESS  | get_issue_description:create_jira_client:122 - Jira connection successful.
2025-09-28 17:05:40 | INFO     | get_issue_description:get_issue_description:144 - Attempting to fetch issue 'ICISTWO-34337'...
2025-09-28 17:05:40 | SUCCESS  | get_issue_description:get_issue_description:149 - Successfully retrieved description for 'ICISTWO-34337'.
2025-09-28 17:05:43 | INFO     | list_support_requests:load_configuration:79 - Loading configuration from .env file...
2025-09-28 17:05:43 | SUCCESS  | list_support_requests:load_configuration:95 - Configuration loaded successfully.
2025-09-28 17:05:43 | INFO     | list_support_requests:search_and_print_issues:114 - Searching for issues with JQL: 'issuetype = "Support Request" ORDER BY created DESC' using direct 'requests' call.
2025-09-28 17:05:44 | INFO     | list_support_requests:search_and_print_issues:141 - Found 50 issues, filtered down to 38 with .msg attachments.
2025-09-28 17:06:50 | INFO     | get_issue_description:load_configuration:81 - Loading configuration from .env file...
2025-09-28 17:06:50 | SUCCESS  | get_issue_description:load_configuration:94 - Configuration loaded successfully.
2025-09-28 17:06:50 | INFO     | get_issue_description:create_jira_client:112 - Attempting to connect to Jira at https://stateofdelaware.atlassian.net...
2025-09-28 17:06:51 | SUCCESS  | get_issue_description:create_jira_client:122 - Jira connection successful.
2025-09-28 17:06:51 | INFO     | get_issue_description:get_issue_description:144 - Attempting to fetch issue 'ICISTWO-34337'...
2025-09-28 17:06:51 | SUCCESS  | get_issue_description:get_issue_description:149 - Successfully retrieved description for 'ICISTWO-34337'.
2025-09-28 17:06:54 | INFO     | list_support_requests:load_configuration:79 - Loading configuration from .env file...
2025-09-28 17:06:54 | SUCCESS  | list_support_requests:load_configuration:95 - Configuration loaded successfully.
2025-09-28 17:06:54 | INFO     | list_support_requests:search_and_print_issues:114 - Searching for issues with JQL: 'issuetype = "Support Request" ORDER BY created DESC' using direct 'requests' call.
2025-09-28 17:06:55 | INFO     | list_support_requests:search_and_print_issues:141 - Found 50 issues, filtered down to 38 with .msg attachments.
