2025-09-28 15:47:24,177 INFO: Loading environment variables
2025-09-28 15:47:24,179 ERROR: Missing required environment variables: JIRA_SERVER, JIRA_USER_EMAIL
2025-09-28 15:47:24,180 ERROR: Missing required environment variables: JIRA_SERVER, JIRA_USER_EMAIL
Traceback (most recent call last):
  File "E:\MyVisualCodeProjects\JiraMaster\jira_connector.py", line 197, in main
    cfg = load_configuration()
  File "E:\MyVisualCodeProjects\JiraMaster\jira_connector.py", line 126, in load_configuration
    raise EnvironmentError(f"Missing required environment variables: {', '.join(missing)}")
OSError: Missing required environment variables: JIRA_SERVER, JIRA_USER_EMAIL
2025-09-28 15:49:55,096 INFO: Loading environment variables
2025-09-28 15:49:55,097 ERROR: Missing required environment variables: JIRA_SERVER, JIRA_USER_EMAIL, JIRA_API_TOKEN
2025-09-28 15:49:55,097 ERROR: Missing required environment variables: JIRA_SERVER, JIRA_USER_EMAIL, JIRA_API_TOKEN
Traceback (most recent call last):
  File "E:\MyVisualCodeProjects\JiraMaster\jira_connector.py", line 197, in main
    cfg = load_configuration()
  File "E:\MyVisualCodeProjects\JiraMaster\jira_connector.py", line 126, in load_configuration
    raise EnvironmentError(f"Missing required environment variables: {', '.join(missing)}")
OSError: Missing required environment variables: JIRA_SERVER, JIRA_USER_EMAIL, JIRA_API_TOKEN
2025-09-28 15:50:52,921 INFO: Loading environment variables
2025-09-28 15:50:52,922 INFO: Attempting to connect to Jira server at https://stateofdelaware.atlassian.net
2025-09-28 15:50:54,550 INFO: Connection successful. Current user: 712020:37dab93e-577c-4d66-bb23-3a8ee98a8ca1. Jira version: 1001.0.0-SNAPSHOT
2025-09-28 16:55:16,145 INFO: Loading environment variables
2025-09-28 16:55:16,146 INFO: Attempting to connect to Jira server at https://stateofdelaware.atlassian.net
2025-09-28 16:55:17,781 INFO: Connection successful. Current user: 712020:37dab93e-577c-4d66-bb23-3a8ee98a8ca1. Jira version: 1001.0.0-SNAPSHOT
2025-09-28 17:01:16,532 INFO: Loading environment variables
2025-09-28 17:01:16,533 INFO: Attempting to connect to Jira server at https://stateofdelaware.atlassian.net
2025-09-28 17:01:18,000 INFO: Connection successful. Current user: 712020:37dab93e-577c-4d66-bb23-3a8ee98a8ca1. Jira version: 1001.0.0-SNAPSHOT
2025-09-28 17:05:42,243 INFO: Loading environment variables
2025-09-28 17:05:42,244 INFO: Attempting to connect to Jira server at https://stateofdelaware.atlassian.net
2025-09-28 17:05:43,464 INFO: Connection successful. Current user: 712020:37dab93e-577c-4d66-bb23-3a8ee98a8ca1. Jira version: 1001.0.0-SNAPSHOT
2025-09-28 17:06:53,324 INFO: Loading environment variables
2025-09-28 17:06:53,325 INFO: Attempting to connect to Jira server at https://stateofdelaware.atlassian.net
2025-09-28 17:06:54,761 INFO: Connection successful. Current user: 712020:37dab93e-577c-4d66-bb23-3a8ee98a8ca1. Jira version: 1001.0.0-SNAPSHOT
